<?xml version="1.0" encoding="UTF-8"?>
<!-- Generated by org.testng.reporters.JUnitXMLReporter -->
<testsuite ignored="0" hostname="DESKTOP-C582COR" failures="2" tests="5" name="chromeTest" time="57.576" errors="0" timestamp="2022-10-04T13:37:21 IST">
  <testcase classname="TestPackge.TestNGClass2" name="createnewaccountdisplay" time="3.915"/>
  <testcase classname="TestPackge.TestNGClass2" name="loginpagedisplay" time="0.049"/>
  <testcase classname="TestPackge.TestNGclass" name="opencontacttohelpcenterpage" time="1.366">
    <failure type="java.lang.AssertionError" message="The following asserts failed:
	title of page is wrong expected [Messenger Centre] but found [Messenger Help Centre]">
      <![CDATA[java.lang.AssertionError: The following asserts failed:
title of page is wrong expected [Messenger Centre] but found [Messenger Help Centre]
at TestPackge.TestNGclass.opencontacttohelpcenterpage(TestNGclass.java:136)
at java.base/java.util.concurrent.ThreadPoolExecutor.runWorker(ThreadPoolExecutor.java:1136)
at java.base/java.util.concurrent.ThreadPoolExecutor$Worker.run(ThreadPoolExecutor.java:635)
at java.base/java.lang.Thread.run(Thread.java:833)
... Removed 12 stack frames]]>
    </failure>
  </testcase> <!-- opencontacttohelpcenterpage -->
  <testcase classname="TestPackge.TestNGclass" name="openmessgenerpage" time="2.623">
    <failure type="java.lang.AssertionError" message="The following asserts failed:
	url of openmessnger is not working expected [https://www.messenger] but found [https://www.messenger.com/]">
      <![CDATA[java.lang.AssertionError: The following asserts failed:
url of openmessnger is not working expected [https://www.messenger] but found [https://www.messenger.com/]
at TestPackge.TestNGclass.openmessgenerpage(TestNGclass.java:113)
at java.base/java.util.concurrent.ThreadPoolExecutor.runWorker(ThreadPoolExecutor.java:1136)
at java.base/java.util.concurrent.ThreadPoolExecutor$Worker.run(ThreadPoolExecutor.java:635)
at java.base/java.lang.Thread.run(Thread.java:833)
... Removed 12 stack frames]]>
    </failure>
  </testcase> <!-- openmessgenerpage -->
  <testcase classname="TestPackge.TestNGClass2" name="featurepagedisplay" time="40.039"/>
</testsuite> <!-- chromeTest -->
