<?xml version="1.0" encoding="UTF-8"?>
<!-- Generated by org.testng.reporters.JUnitXMLReporter -->
<testsuite ignored="1" hostname="DESKTOP-C582COR" failures="3" tests="10" name="Test" time="51.424" errors="0" timestamp="2022-09-22T12:34:49 IST">
  <testcase classname="TestPackge.TestNGclass" name="opencontacttohelpcenterpage" time="1.234">
    <failure type="java.lang.AssertionError" message="The following asserts failed:
	url of contact to help center  is not working expected [https://www.messenger./] but found [https://www.messenger.com/help],
	title of page is wrong expected [Messenger Centre] but found [Messenger Help Centre]">
      <![CDATA[java.lang.AssertionError: The following asserts failed:
url of contact to help center  is not working expected [https://www.messenger./] but found [https://www.messenger.com/help],
title of page is wrong expected [Messenger Centre] but found [Messenger Help Centre]
at TestPackge.TestNGclass.opencontacttohelpcenterpage(TestNGclass.java:82)
at java.base/java.util.ArrayList.forEach(ArrayList.java:1511)
... Removed 27 stack frames]]>
    </failure>
  </testcase> <!-- opencontacttohelpcenterpage -->
  <testcase classname="TestPackge.TestNGclass" name="openmessgenerpage" time="2.815">
    <failure type="java.lang.AssertionError" message="The following asserts failed:
	url of openmessnger is not working expected [https://www.messenge] but found [https://www.messenger.com/]">
      <![CDATA[java.lang.AssertionError: The following asserts failed:
url of openmessnger is not working expected [https://www.messenge] but found [https://www.messenger.com/]
at TestPackge.TestNGclass.openmessgenerpage(TestNGclass.java:62)
at java.base/java.util.ArrayList.forEach(ArrayList.java:1511)
... Removed 27 stack frames]]>
    </failure>
  </testcase> <!-- openmessgenerpage -->
  <testcase classname="TestPackge.TestNGkeywordclass" name="test4" time="0.004">
    <failure type="java.lang.AssertionError" message="null">
      <![CDATA[java.lang.AssertionError: null
at TestPackge.TestNGkeywordclass.test4(TestNGkeywordclass.java:54)
at java.base/java.util.ArrayList.forEach(ArrayList.java:1511)
... Removed 27 stack frames]]>
    </failure>
  </testcase> <!-- test4 -->
  <testcase classname="TestPackge.TestNGkeywordclass" name="test1" time="0.0">
    <skipped/>
  </testcase> <!-- test1 -->
  <testcase classname="TestPackge.TestNGkeywordclass" name="test2" time="0.003"/>
  <testcase classname="TestPackge.TestNGkeywordclass" name="test2" time="0.003"/>
  <testcase classname="TestPackge.TestNGkeywordclass" name="test2" time="0.003"/>
  <testcase classname="TestPackge.TestNGClass2" name="createnewaccountdisplay" time="4.25"/>
  <testcase classname="TestPackge.TestNGClass2" name="loginpagedisplay" time="3.201"/>
  <testcase classname="TestPackge.TestNGClass2" name="featurepagedisplay" time="17.442"/>
  <testcase classname="TestPackge.TestNGkeywordclass" name="test3" time="0.0">
    <ignored/>
  </testcase> <!-- test3 -->
</testsuite> <!-- Test -->
