<?xml version="1.0" encoding="UTF-8"?>
<!-- Generated by org.testng.reporters.JUnitXMLReporter -->
<testsuite ignored="0" hostname="DESKTOP-C582COR" failures="0" tests="2" name="Default test" time="0.072" errors="0" timestamp="2022-10-03T23:27:38 IST">
  <testcase classname="TestPackge.TestNGclass" name="@BeforeTest launchbrowser" time="-1.664819858487E9">
    <failure type="org.testng.TestNGException" message="
Parameter &amp;apos;browser&amp;apos; is required by BeforeTest on method launchbrowser but has not been marked @Optional or defined
in C:\Users\visha\AppData\Local\Temp\testng-eclipse-95704727\testng-customsuite.xml">
      <![CDATA[org.testng.TestNGException: 
Parameter 'browser' is required by BeforeTest on method launchbrowser but has not been marked @Optional or defined
in C:\Users\visha\AppData\Local\Temp\testng-eclipse-95704727\testng-customsuite.xml
at org.testng.internal.Parameters.createParams(Parameters.java:270)
at org.testng.internal.Parameters.createParametersForMethod(Parameters.java:358)
at org.testng.internal.Parameters.createParameters(Parameters.java:700)
at org.testng.internal.Parameters.createConfigurationParameters(Parameters.java:168)
at org.testng.internal.ConfigInvoker.invokeConfigurations(ConfigInvoker.java:302)
at org.testng.TestRunner.invokeTestConfigurations(TestRunner.java:637)
at org.testng.TestRunner.beforeRun(TestRunner.java:627)
at org.testng.TestRunner.run(TestRunner.java:589)
at org.testng.SuiteRunner.runTest(SuiteRunner.java:377)
at org.testng.SuiteRunner.runSequentially(SuiteRunner.java:371)
at org.testng.SuiteRunner.privateRun(SuiteRunner.java:332)
at org.testng.SuiteRunner.run(SuiteRunner.java:276)
at org.testng.SuiteRunnerWorker.runSuite(SuiteRunnerWorker.java:53)
at org.testng.SuiteRunnerWorker.run(SuiteRunnerWorker.java:96)
at org.testng.TestNG.runSuitesSequentially(TestNG.java:1212)
at org.testng.TestNG.runSuitesLocally(TestNG.java:1134)
at org.testng.TestNG.runSuites(TestNG.java:1063)
at org.testng.TestNG.run(TestNG.java:1031)
at org.testng.remote.AbstractRemoteTestNG.run(AbstractRemoteTestNG.java:115)
at org.testng.remote.RemoteTestNG.initAndRun(RemoteTestNG.java:251)
at org.testng.remote.RemoteTestNG.main(RemoteTestNG.java:77)
]]>
    </failure>
  </testcase> <!-- @BeforeTest launchbrowser -->
  <testcase classname="TestPackge.TestNGclass" name="@BeforeClass createPOMObjects" time="-1.664819858517E9">
    <skipped/>
  </testcase> <!-- @BeforeClass createPOMObjects -->
  <testcase classname="TestPackge.TestNGclass" name="@BeforeMethod verifymessgener" time="-1.664819858532E9">
    <skipped/>
  </testcase> <!-- @BeforeMethod verifymessgener -->
  <testcase classname="TestPackge.TestNGclass" name="@AfterMethod aftermethod" time="-1.664819858539E9">
    <skipped/>
  </testcase> <!-- @AfterMethod aftermethod -->
  <testcase classname="TestPackge.TestNGclass" name="@BeforeMethod verifymessgener" time="-1.664819858541E9">
    <skipped/>
  </testcase> <!-- @BeforeMethod verifymessgener -->
  <testcase classname="TestPackge.TestNGclass" name="@AfterMethod aftermethod" time="-1.664819858545E9">
    <skipped/>
  </testcase> <!-- @AfterMethod aftermethod -->
  <testcase classname="TestPackge.TestNGclass" name="@AfterClass removeobjects" time="-1.664819858547E9">
    <skipped/>
  </testcase> <!-- @AfterClass removeobjects -->
  <testcase classname="TestPackge.TestNGclass" name="@AfterTest closeBrowser" time="-1.664819858551E9">
    <skipped/>
  </testcase> <!-- @AfterTest closeBrowser -->
  <testcase classname="TestPackge.TestNGclass" name="opencontacttohelpcenterpage" time="0.0">
    <skipped/>
  </testcase> <!-- opencontacttohelpcenterpage -->
  <testcase classname="TestPackge.TestNGclass" name="openmessgenerpage" time="0.0">
    <skipped/>
  </testcase> <!-- openmessgenerpage -->
</testsuite> <!-- Default test -->
