<?xml version="1.0" encoding="UTF-8"?>
<!-- Generated by org.testng.reporters.JUnitXMLReporter -->
<testsuite ignored="0" hostname="DESKTOP-C582COR" failures="2" tests="5" name="chromeTest" time="36.821" errors="0" timestamp="2022-09-23T20:36:04 IST">
  <testcase classname="TestPackge.TestNGClass2" name="createnewaccountdisplay" time="3.861"/>
  <testcase classname="TestPackge.TestNGclass" name="opencontacttohelpcenterpage" time="1.145">
    <failure type="java.lang.AssertionError" message="The following asserts failed:
	url of contact to help center  is not working expected [https://www.messenger./] but found [https://www.messenger.com/help],
	title of page is wrong expected [Messenger Centre] but found [Messenger Help Centre]">
      <![CDATA[java.lang.AssertionError: The following asserts failed:
url of contact to help center  is not working expected [https://www.messenger./] but found [https://www.messenger.com/help],
title of page is wrong expected [Messenger Centre] but found [Messenger Help Centre]
at TestPackge.TestNGclass.opencontacttohelpcenterpage(TestNGclass.java:123)
at java.base/java.util.concurrent.ThreadPoolExecutor.runWorker(ThreadPoolExecutor.java:1136)
at java.base/java.util.concurrent.ThreadPoolExecutor$Worker.run(ThreadPoolExecutor.java:635)
at java.base/java.lang.Thread.run(Thread.java:833)
... Removed 12 stack frames]]>
    </failure>
  </testcase> <!-- opencontacttohelpcenterpage -->
  <testcase classname="TestPackge.TestNGClass2" name="loginpagedisplay" time="3.155"/>
  <testcase classname="TestPackge.TestNGclass" name="openmessgenerpage" time="2.646">
    <failure type="java.lang.AssertionError" message="The following asserts failed:
	url of openmessnger is not working expected [https://www.messenge] but found [https://www.messenger.com/]">
      <![CDATA[java.lang.AssertionError: The following asserts failed:
url of openmessnger is not working expected [https://www.messenge] but found [https://www.messenger.com/]
at TestPackge.TestNGclass.openmessgenerpage(TestNGclass.java:101)
at java.base/java.util.concurrent.ThreadPoolExecutor.runWorker(ThreadPoolExecutor.java:1136)
at java.base/java.util.concurrent.ThreadPoolExecutor$Worker.run(ThreadPoolExecutor.java:635)
at java.base/java.lang.Thread.run(Thread.java:833)
... Removed 12 stack frames]]>
    </failure>
  </testcase> <!-- openmessgenerpage -->
  <testcase classname="TestPackge.TestNGClass2" name="featurepagedisplay" time="18.636"/>
</testsuite> <!-- chromeTest -->
